<?xml version="1.0" encoding="UTF-8"?>
<!-- Generated by org.testng.reporters.JUnitReportReporter -->
<testsuite skipped="0" hostname="ENGLON107638L" name="APITestingTestNG.TC001_Get_StatusCode" tests="1" failures="0" timestamp="2020-06-22T22:57:08 CEST" time="7.357" errors="0">
  <testcase name="StatusCodeValidation" time="7.357" classname="APITestingTestNG.TC001_Get_StatusCode"/>
  <system-out/>
</testsuite> <!-- APITestingTestNG.TC001_Get_StatusCode -->
