<?xml version="1.0" encoding="UTF-8"?>
<!-- Generated by org.testng.reporters.JUnitReportReporter -->
<testsuite skipped="0" hostname="ENGLON107638L" name="pojoDeserialization.CoursesList" tests="1" failures="0" timestamp="2020-07-23T17:07:20 CEST" time="5.754" errors="0">
  <testcase name="OAuth2Authorization" time="5.754" classname="pojoDeserialization.CoursesList"/>
  <system-out/>
</testsuite> <!-- pojoDeserialization.CoursesList -->
