<?xml version="1.0" encoding="UTF-8"?>
<!-- Generated by org.testng.reporters.JUnitReportReporter -->
<testsuite skipped="0" hostname="ENGLON107638L" name="APITestingTestNG.CoursePriceValidations" tests="1" failures="0" timestamp="2020-06-22T12:53:56 CEST" time="2.907" errors="0">
  <testcase name="NoOfCourses" time="2.907" classname="APITestingTestNG.CoursePriceValidations"/>
  <system-out/>
</testsuite> <!-- APITestingTestNG.CoursePriceValidations -->
