<?xml version="1.0" encoding="UTF-8"?>
<!-- Generated by org.testng.reporters.JUnitReportReporter -->
<testsuite skipped="0" hostname="ENGLON107638L" name="APITestingTestNG.LibraryAPI" tests="1" failures="0" timestamp="2020-09-15T22:43:52 CEST" time="5.064" errors="0">
  <testcase name="ADDNewBook" time="5.064" classname="APITestingTestNG.LibraryAPI"/>
  <system-out/>
</testsuite> <!-- APITestingTestNG.LibraryAPI -->
