<?xml version="1.0" encoding="UTF-8"?>
<!-- Generated by org.testng.reporters.JUnitReportReporter -->
<testsuite skipped="0" hostname="ENGLON107638L" name="pojoSerialization.AddPlaceSerialization" tests="1" failures="0" timestamp="2020-08-17T10:46:48 CEST" time="6.751" errors="0">
  <testcase name="AddPlace" time="6.751" classname="pojoSerialization.AddPlaceSerialization"/>
  <system-out/>
</testsuite> <!-- pojoSerialization.AddPlaceSerialization -->
